▲ Next.js 16.2.6 (Turbopack)
- Local:         http://localhost:3001
- Network:       http://192.168.0.25:3001
- Environments: .env.local
✓ Ready in 607ms

⚠ metadataBase property in metadata export is not set for resolving social open graph or twitter images, using "http://localhost:3001". See https://nextjs.org/docs/app/api-reference/functions/generate-metadata#metadatabase
 GET /ja 200 in 1546ms (next.js: 1001ms, proxy.ts: 21ms, application-code: 523ms)
 GET /en 200 in 95ms (next.js: 12ms, proxy.ts: 6ms, application-code: 77ms)
 GET /en 200 in 93ms (next.js: 5ms, proxy.ts: 5ms, application-code: 82ms)
 GET /ja 200 in 97ms (next.js: 6ms, proxy.ts: 5ms, application-code: 86ms)
 GET /ja 200 in 99ms (next.js: 8ms, proxy.ts: 6ms, application-code: 85ms)
 GET /ja 200 in 91ms (next.js: 6ms, proxy.ts: 6ms, application-code: 79ms)
 GET /ja 200 in 89ms (next.js: 12ms, proxy.ts: 5ms, application-code: 72ms)
 GET /en/patches 200 in 1122ms (next.js: 1002ms, proxy.ts: 6ms, application-code: 114ms)
 GET /en/patches 200 in 112ms (next.js: 13ms, proxy.ts: 6ms, application-code: 94ms)
 GET /en/patches 200 in 90ms (next.js: 7ms, proxy.ts: 6ms, application-code: 78ms)
 GET /en/champions/Garen 200 in 1132ms (next.js: 1018ms, proxy.ts: 6ms, application-code: 108ms)
 GET /en/champions/Garen 200 in 83ms (next.js: 13ms, proxy.ts: 8ms, application-code: 62ms)
 GET /ja 200 in 102ms (next.js: 13ms, proxy.ts: 6ms, application-code: 83ms)
 GET /en 200 in 140ms (next.js: 7ms, proxy.ts: 7ms, application-code: 126ms)
 GET /ja/champions 200 in 1058ms (next.js: 968ms, proxy.ts: 6ms, application-code: 84ms)
 GET /en/champions 200 in 75ms (next.js: 11ms, proxy.ts: 4ms, application-code: 60ms)
 GET /ja/champions/Norra 200 in 91ms (next.js: 12ms, proxy.ts: 5ms, application-code: 75ms)
 GET /en/champions/Norra 200 in 80ms (next.js: 6ms, proxy.ts: 5ms, application-code: 68ms)
 GET /ja 200 in 84ms (next.js: 12ms, proxy.ts: 5ms, application-code: 67ms)
 GET /ja 200 in 99ms (next.js: 6ms, proxy.ts: 6ms, application-code: 86ms)
 GET /ja 200 in 88ms (next.js: 7ms, proxy.ts: 6ms, application-code: 75ms)
 GET /ja 200 in 87ms (next.js: 5ms, proxy.ts: 4ms, application-code: 78ms)
 GET /ja 200 in 74ms (next.js: 5ms, proxy.ts: 5ms, application-code: 64ms)
 GET /en/patches?q=NonExistentChampionXYZ 200 in 101ms (next.js: 12ms, proxy.ts: 5ms, application-code: 84ms)
 GET /ja/patches?q=NonExistentChampionXYZ 200 in 97ms (next.js: 9ms, proxy.ts: 9ms, application-code: 79ms)
 GET /en/champions/Norra 200 in 82ms (next.js: 15ms, proxy.ts: 5ms, application-code: 61ms)
 GET /en/champions/Garen 200 in 85ms (next.js: 16ms, proxy.ts: 5ms, application-code: 64ms)
 GET /en/champions/Garen 200 in 85ms (next.js: 7ms, proxy.ts: 6ms, application-code: 72ms)
 GET /en/champions/InvalidChampionName123 200 in 79ms (next.js: 5ms, proxy.ts: 4ms, application-code: 70ms)
 GET /en/patches?q=Garen%27s 200 in 78ms (next.js: 13ms, proxy.ts: 5ms, application-code: 59ms)
 GET /en/patches 200 in 74ms (next.js: 6ms, proxy.ts: 5ms, application-code: 62ms)
 GET /en/calculator 200 in 985ms (next.js: 896ms, proxy.ts: 6ms, application-code: 83ms)
 GET /en/calculator 200 in 105ms (next.js: 12ms, proxy.ts: 5ms, application-code: 89ms)
 GET /ja/calculator 200 in 86ms (next.js: 7ms, proxy.ts: 5ms, application-code: 74ms)
 GET /ja 200 in 95ms (next.js: 12ms, proxy.ts: 4ms, application-code: 79ms)
 GET /en 200 in 107ms (next.js: 9ms, proxy.ts: 8ms, application-code: 91ms)
 GET /en/patches 200 in 90ms (next.js: 13ms, proxy.ts: 4ms, application-code: 72ms)
 GET /ja/champions/Norra 200 in 121ms (next.js: 17ms, proxy.ts: 9ms, application-code: 94ms)
 GET /en/calculator 200 in 151ms (next.js: 13ms, proxy.ts: 5ms, application-code: 132ms)
 GET /en/patches 200 in 106ms (next.js: 7ms, proxy.ts: 5ms, application-code: 94ms)
 GET /en 200 in 93ms (next.js: 12ms, proxy.ts: 6ms, application-code: 76ms)
 GET /en/champions 200 in 97ms (next.js: 13ms, proxy.ts: 5ms, application-code: 80ms)
 GET /ja/patches?q=Norra 200 in 111ms (next.js: 14ms, proxy.ts: 6ms, application-code: 92ms)
 GET /en/calculator 200 in 139ms (next.js: 7ms, proxy.ts: 6ms, application-code: 126ms)
 GET /en/champions 200 in 109ms (next.js: 9ms, proxy.ts: 6ms, application-code: 94ms)
 GET /ja/champions 200 in 127ms (next.js: 8ms, proxy.ts: 7ms, application-code: 112ms)
 GET /ja 200 in 120ms (next.js: 17ms, proxy.ts: 6ms, application-code: 97ms)
 GET /en 200 in 91ms (next.js: 5ms, proxy.ts: 6ms, application-code: 81ms)
 GET /ja/champions 200 in 92ms (next.js: 14ms, proxy.ts: 5ms, application-code: 73ms)
 GET /en/patches 200 in 87ms (next.js: 12ms, proxy.ts: 5ms, application-code: 71ms)
 GET /ja/calculator 200 in 106ms (next.js: 12ms, proxy.ts: 5ms, application-code: 89ms)
 GET /en/champions/Garen 200 in 113ms (next.js: 17ms, proxy.ts: 9ms, application-code: 86ms)
 GET /ja/champions/Garen 200 in 96ms (next.js: 6ms, proxy.ts: 6ms, application-code: 84ms)
 GET /ja 200 in 106ms (next.js: 15ms, proxy.ts: 5ms, application-code: 86ms)
▲ Next.js 16.2.6 (Turbopack)
- Local:         http://localhost:3001
- Network:       http://192.168.0.25:3001
- Environments: .env.local
✓ Ready in 476ms

⚠ metadataBase property in metadata export is not set for resolving social open graph or twitter images, using "http://localhost:3001". See https://nextjs.org/docs/app/api-reference/functions/generate-metadata#metadatabase
 GET /ja 200 in 787ms (next.js: 384ms, proxy.ts: 7ms, application-code: 396ms)
 GET /en 200 in 113ms (next.js: 15ms, proxy.ts: 8ms, application-code: 90ms)
 GET /en 200 in 116ms (next.js: 6ms, proxy.ts: 5ms, application-code: 105ms)
 GET /ja 200 in 82ms (next.js: 6ms, proxy.ts: 7ms, application-code: 68ms)
 GET /ja 200 in 88ms (next.js: 7ms, proxy.ts: 8ms, application-code: 73ms)
 GET /ja 200 in 83ms (next.js: 6ms, proxy.ts: 6ms, application-code: 71ms)
 GET /ja 200 in 87ms (next.js: 12ms, proxy.ts: 6ms, application-code: 69ms)
 GET /en/patches 200 in 1084ms (next.js: 977ms, proxy.ts: 5ms, application-code: 102ms)
 GET /en/patches 200 in 88ms (next.js: 12ms, proxy.ts: 6ms, application-code: 70ms)
 GET /en/patches 200 in 70ms (next.js: 6ms, proxy.ts: 5ms, application-code: 60ms)
 GET /en/champions/Garen 200 in 1112ms (next.js: 1005ms, proxy.ts: 4ms, application-code: 102ms)
 GET /en/champions/Garen 200 in 75ms (next.js: 11ms, proxy.ts: 4ms, application-code: 60ms)
 GET /ja 200 in 90ms (next.js: 14ms, proxy.ts: 6ms, application-code: 70ms)
 GET /en 200 in 102ms (next.js: 7ms, proxy.ts: 7ms, application-code: 88ms)
 GET /ja/champions 200 in 1096ms (next.js: 1007ms, proxy.ts: 4ms, application-code: 84ms)
 GET /en/champions 200 in 74ms (next.js: 12ms, proxy.ts: 4ms, application-code: 58ms)
 GET /ja/champions/Norra 200 in 84ms (next.js: 11ms, proxy.ts: 5ms, application-code: 68ms)
 GET /en/champions/Norra 200 in 73ms (next.js: 6ms, proxy.ts: 4ms, application-code: 63ms)
 GET /ja 200 in 119ms (next.js: 15ms, proxy.ts: 6ms, application-code: 98ms)
 GET /ja 200 in 113ms (next.js: 6ms, proxy.ts: 6ms, application-code: 102ms)
 GET /ja 200 in 122ms (next.js: 43ms, proxy.ts: 6ms, application-code: 73ms)
 GET /ja 200 in 75ms (next.js: 6ms, proxy.ts: 5ms, application-code: 64ms)
 GET /ja 200 in 97ms (next.js: 8ms, proxy.ts: 7ms, application-code: 83ms)
 GET /en/patches?q=NonExistentChampionXYZ 200 in 78ms (next.js: 14ms, proxy.ts: 4ms, application-code: 59ms)
 GET /ja/patches?q=NonExistentChampionXYZ 200 in 69ms (next.js: 5ms, proxy.ts: 5ms, application-code: 58ms)
 GET /en/champions/Norra 200 in 85ms (next.js: 12ms, proxy.ts: 5ms, application-code: 67ms)
 GET /en/champions/Garen 200 in 84ms (next.js: 5ms, proxy.ts: 17ms, application-code: 63ms)
 GET /en/champions/Garen 200 in 73ms (next.js: 5ms, proxy.ts: 4ms, application-code: 63ms)
 GET /en/champions/InvalidChampionName123 200 in 81ms (next.js: 5ms, proxy.ts: 4ms, application-code: 71ms)
 GET /en/patches?q=Garen%27s 200 in 66ms (next.js: 6ms, proxy.ts: 5ms, application-code: 55ms)
 GET /en/patches 200 in 79ms (next.js: 11ms, proxy.ts: 4ms, application-code: 64ms)
 GET /en/calculator 200 in 998ms (next.js: 908ms, proxy.ts: 5ms, application-code: 84ms)
 GET /en/calculator 200 in 102ms (next.js: 12ms, proxy.ts: 4ms, application-code: 86ms)
 GET /ja/calculator 200 in 101ms (next.js: 7ms, proxy.ts: 7ms, application-code: 87ms)
 GET /ja 200 in 92ms (next.js: 12ms, proxy.ts: 4ms, application-code: 76ms)
 GET /en 200 in 78ms (next.js: 5ms, proxy.ts: 4ms, application-code: 68ms)
 GET /en/patches 200 in 90ms (next.js: 16ms, proxy.ts: 5ms, application-code: 69ms)
 GET /ja/champions/Norra 200 in 94ms (next.js: 14ms, proxy.ts: 6ms, application-code: 74ms)
 GET /en/calculator 200 in 111ms (next.js: 12ms, proxy.ts: 4ms, application-code: 94ms)
 GET /en/patches 200 in 80ms (next.js: 7ms, proxy.ts: 6ms, application-code: 66ms)
 GET /en 200 in 111ms (next.js: 18ms, proxy.ts: 8ms, application-code: 86ms)
 GET /en/champions 200 in 97ms (next.js: 12ms, proxy.ts: 5ms, application-code: 80ms)
 GET /ja/patches?q=Norra 200 in 137ms (next.js: 18ms, proxy.ts: 8ms, application-code: 111ms)
 GET /en/calculator 200 in 118ms (next.js: 8ms, proxy.ts: 6ms, application-code: 104ms)
 GET /en/champions 200 in 71ms (next.js: 6ms, proxy.ts: 4ms, application-code: 61ms)
 GET /ja/champions 200 in 90ms (next.js: 6ms, proxy.ts: 4ms, application-code: 81ms)
 GET /ja 200 in 93ms (next.js: 14ms, proxy.ts: 4ms, application-code: 75ms)
 GET /en 200 in 73ms (next.js: 5ms, proxy.ts: 4ms, application-code: 64ms)
 GET /ja/champions 200 in 82ms (next.js: 16ms, proxy.ts: 5ms, application-code: 61ms)
 GET /en/patches 200 in 97ms (next.js: 16ms, proxy.ts: 5ms, application-code: 77ms)
 GET /ja/calculator 200 in 101ms (next.js: 12ms, proxy.ts: 5ms, application-code: 84ms)
 GET /en/champions/Garen 200 in 107ms (next.js: 15ms, proxy.ts: 5ms, application-code: 87ms)
 GET /ja/champions/Garen 200 in 107ms (next.js: 8ms, proxy.ts: 5ms, application-code: 94ms)
 GET /ja 200 in 96ms (next.js: 16ms, proxy.ts: 6ms, application-code: 74ms)
▲ Next.js 16.2.6 (Turbopack)
- Local:         http://localhost:3001
- Network:       http://192.168.0.25:3001
- Environments: .env.local
✓ Ready in 506ms

⚠ metadataBase property in metadata export is not set for resolving social open graph or twitter images, using "http://localhost:3001". See https://nextjs.org/docs/app/api-reference/functions/generate-metadata#metadatabase
 GET /ja 200 in 885ms (next.js: 494ms, proxy.ts: 7ms, application-code: 384ms)
 GET /en 200 in 90ms (next.js: 12ms, proxy.ts: 6ms, application-code: 72ms)
 GET /en 200 in 84ms (next.js: 5ms, proxy.ts: 5ms, application-code: 74ms)
 GET /ja 200 in 107ms (next.js: 12ms, proxy.ts: 10ms, application-code: 85ms)
 GET /ja 200 in 75ms (next.js: 6ms, proxy.ts: 5ms, application-code: 64ms)
 GET /ja 200 in 84ms (next.js: 5ms, proxy.ts: 5ms, application-code: 74ms)
 GET /ja 200 in 123ms (next.js: 14ms, proxy.ts: 6ms, application-code: 103ms)
 GET /en/patches 200 in 1132ms (next.js: 1019ms, proxy.ts: 8ms, application-code: 105ms)
 GET /en/patches 200 in 88ms (next.js: 13ms, proxy.ts: 6ms, application-code: 69ms)
 GET /en/patches 200 in 72ms (next.js: 6ms, proxy.ts: 4ms, application-code: 62ms)
 GET /en/champions/Garen 200 in 1302ms (next.js: 1190ms, proxy.ts: 6ms, application-code: 107ms)
 GET /en/champions/Garen 200 in 92ms (next.js: 16ms, proxy.ts: 6ms, application-code: 70ms)
 GET /ja 200 in 85ms (next.js: 12ms, proxy.ts: 6ms, application-code: 68ms)
 GET /en 200 in 123ms (next.js: 7ms, proxy.ts: 5ms, application-code: 111ms)
 GET /ja/champions 200 in 967ms (next.js: 881ms, proxy.ts: 5ms, application-code: 82ms)
 GET /en/champions 200 in 69ms (next.js: 11ms, proxy.ts: 4ms, application-code: 54ms)
 GET /ja/champions/Norra 200 in 87ms (next.js: 12ms, proxy.ts: 5ms, application-code: 69ms)
 GET /en/champions/Norra 200 in 72ms (next.js: 6ms, proxy.ts: 4ms, application-code: 62ms)
 GET /ja 200 in 112ms (next.js: 15ms, proxy.ts: 7ms, application-code: 91ms)
 GET /ja 200 in 93ms (next.js: 6ms, proxy.ts: 6ms, application-code: 81ms)
 GET /ja 200 in 79ms (next.js: 7ms, proxy.ts: 6ms, application-code: 67ms)
 GET /ja 200 in 82ms (next.js: 7ms, proxy.ts: 5ms, application-code: 70ms)
 GET /ja 200 in 72ms (next.js: 6ms, proxy.ts: 8ms, application-code: 58ms)
 GET /en/patches?q=NonExistentChampionXYZ 200 in 86ms (next.js: 16ms, proxy.ts: 5ms, application-code: 66ms)
 GET /ja/patches?q=NonExistentChampionXYZ 200 in 81ms (next.js: 7ms, proxy.ts: 6ms, application-code: 68ms)
 GET /en/champions/Norra 200 in 90ms (next.js: 13ms, proxy.ts: 5ms, application-code: 72ms)
 GET /en/champions/Garen 200 in 88ms (next.js: 5ms, proxy.ts: 19ms, application-code: 63ms)
 GET /en/champions/Garen 200 in 73ms (next.js: 5ms, proxy.ts: 6ms, application-code: 62ms)
 GET /en/champions/InvalidChampionName123 200 in 77ms (next.js: 7ms, proxy.ts: 6ms, application-code: 64ms)
 GET /en/patches?q=Garen%27s 200 in 81ms (next.js: 8ms, proxy.ts: 5ms, application-code: 68ms)
 GET /en/patches 200 in 76ms (next.js: 13ms, proxy.ts: 5ms, application-code: 57ms)
 GET /en/calculator 200 in 1041ms (next.js: 942ms, proxy.ts: 6ms, application-code: 93ms)
 GET /en/calculator 200 in 112ms (next.js: 12ms, proxy.ts: 4ms, application-code: 95ms)
 GET /ja/calculator 200 in 95ms (next.js: 7ms, proxy.ts: 6ms, application-code: 81ms)
 GET /ja 200 in 104ms (next.js: 14ms, proxy.ts: 5ms, application-code: 85ms)
 GET /en 200 in 78ms (next.js: 5ms, proxy.ts: 4ms, application-code: 69ms)
 GET /en/patches 200 in 88ms (next.js: 13ms, proxy.ts: 5ms, application-code: 70ms)
 GET /ja/champions/Norra 200 in 88ms (next.js: 13ms, proxy.ts: 6ms, application-code: 69ms)
 GET /en/calculator 200 in 123ms (next.js: 12ms, proxy.ts: 5ms, application-code: 106ms)
 GET /en/patches 200 in 77ms (next.js: 7ms, proxy.ts: 5ms, application-code: 66ms)
 GET /en 200 in 104ms (next.js: 13ms, proxy.ts: 5ms, application-code: 86ms)
 GET /en/champions 200 in 125ms (next.js: 18ms, proxy.ts: 5ms, application-code: 101ms)
 GET /ja/patches?q=Norra 200 in 132ms (next.js: 14ms, proxy.ts: 6ms, application-code: 112ms)
 GET /en/calculator 200 in 168ms (next.js: 13ms, proxy.ts: 10ms, application-code: 145ms)
 GET /en/champions 200 in 94ms (next.js: 9ms, proxy.ts: 6ms, application-code: 79ms)
 GET /ja/champions 200 in 110ms (next.js: 7ms, proxy.ts: 6ms, application-code: 98ms)
 GET /ja 200 in 111ms (next.js: 12ms, proxy.ts: 6ms, application-code: 93ms)
 GET /en 200 in 91ms (next.js: 7ms, proxy.ts: 5ms, application-code: 78ms)
 GET /ja/champions 200 in 88ms (next.js: 14ms, proxy.ts: 6ms, application-code: 68ms)
 GET /en/patches 200 in 86ms (next.js: 11ms, proxy.ts: 5ms, application-code: 70ms)
 GET /ja/calculator 200 in 125ms (next.js: 17ms, proxy.ts: 6ms, application-code: 102ms)
 GET /en/champions/Garen 200 in 107ms (next.js: 17ms, proxy.ts: 5ms, application-code: 86ms)
 GET /ja/champions/Garen 200 in 99ms (next.js: 6ms, proxy.ts: 5ms, application-code: 89ms)
 GET /ja 200 in 121ms (next.js: 14ms, proxy.ts: 6ms, application-code: 101ms)
▲ Next.js 16.2.6 (Turbopack)
- Local:         http://localhost:3001
- Network:       http://192.168.0.25:3001
- Environments: .env.local
✓ Ready in 512ms

⚠ metadataBase property in metadata export is not set for resolving social open graph or twitter images, using "http://localhost:3001". See https://nextjs.org/docs/app/api-reference/functions/generate-metadata#metadatabase
 GET /ja 200 in 1076ms (next.js: 497ms, proxy.ts: 157ms, application-code: 422ms)
 GET /en 200 in 96ms (next.js: 12ms, proxy.ts: 6ms, application-code: 78ms)
 GET /en 200 in 89ms (next.js: 6ms, proxy.ts: 5ms, application-code: 77ms)
 GET /ja 200 in 95ms (next.js: 6ms, proxy.ts: 7ms, application-code: 82ms)
 GET /ja 200 in 75ms (next.js: 5ms, proxy.ts: 5ms, application-code: 65ms)
 GET /ja 200 in 82ms (next.js: 5ms, proxy.ts: 6ms, application-code: 71ms)
 GET /ja 200 in 88ms (next.js: 8ms, proxy.ts: 7ms, application-code: 74ms)
 GET /en/patches 200 in 1080ms (next.js: 924ms, proxy.ts: 5ms, application-code: 151ms)
 GET /en/patches 200 in 89ms (next.js: 13ms, proxy.ts: 5ms, application-code: 71ms)
 GET /en/patches 200 in 74ms (next.js: 7ms, proxy.ts: 5ms, application-code: 62ms)
 GET /en/champions/Garen 200 in 1174ms (next.js: 1025ms, proxy.ts: 6ms, application-code: 142ms)
 GET /en/champions/Garen 200 in 105ms (next.js: 17ms, proxy.ts: 6ms, application-code: 82ms)
 GET /ja 200 in 104ms (next.js: 14ms, proxy.ts: 6ms, application-code: 85ms)
 GET /en 200 in 84ms (next.js: 6ms, proxy.ts: 5ms, application-code: 72ms)
 GET /ja/champions 200 in 1284ms (next.js: 947ms, proxy.ts: 5ms, application-code: 332ms)
 GET /en/champions 200 in 326ms (next.js: 18ms, proxy.ts: 8ms, application-code: 301ms)
 GET /ja/champions/Norra 200 in 117ms (next.js: 12ms, proxy.ts: 4ms, application-code: 101ms)
 GET /en/champions/Norra 200 in 124ms (next.js: 6ms, proxy.ts: 7ms, application-code: 111ms)
 GET /ja 200 in 88ms (next.js: 12ms, proxy.ts: 5ms, application-code: 71ms)
 GET /ja 200 in 91ms (next.js: 6ms, proxy.ts: 6ms, application-code: 79ms)
 GET /ja 200 in 78ms (next.js: 6ms, proxy.ts: 5ms, application-code: 67ms)
 GET /ja 200 in 79ms (next.js: 6ms, proxy.ts: 5ms, application-code: 68ms)
 GET /ja 200 in 94ms (next.js: 5ms, proxy.ts: 6ms, application-code: 83ms)
 GET /en/patches?q=NonExistentChampionXYZ 200 in 107ms (next.js: 13ms, proxy.ts: 6ms, application-code: 89ms)
 GET /ja/patches?q=NonExistentChampionXYZ 200 in 86ms (next.js: 6ms, proxy.ts: 5ms, application-code: 75ms)
 GET /en/champions/Norra 200 in 115ms (next.js: 15ms, proxy.ts: 6ms, application-code: 94ms)
 GET /en/champions/Garen 200 in 90ms (next.js: 5ms, proxy.ts: 4ms, application-code: 80ms)
 GET /en/champions/Garen 200 in 109ms (next.js: 6ms, proxy.ts: 5ms, application-code: 99ms)
 GET /en/champions/InvalidChampionName123 200 in 107ms (next.js: 7ms, proxy.ts: 5ms, application-code: 96ms)
 GET /en/patches?q=Garen%27s 200 in 86ms (next.js: 12ms, proxy.ts: 4ms, application-code: 70ms)
 GET /en/patches 200 in 78ms (next.js: 6ms, proxy.ts: 5ms, application-code: 67ms)
 GET /en/calculator 200 in 1081ms (next.js: 948ms, proxy.ts: 5ms, application-code: 127ms)
 GET /en/calculator 200 in 103ms (next.js: 13ms, proxy.ts: 4ms, application-code: 85ms)
 GET /ja/calculator 200 in 89ms (next.js: 6ms, proxy.ts: 6ms, application-code: 77ms)
 GET /ja 200 in 105ms (next.js: 12ms, proxy.ts: 5ms, application-code: 88ms)
 GET /en 200 in 100ms (next.js: 5ms, proxy.ts: 5ms, application-code: 90ms)
 GET /en/patches 200 in 109ms (next.js: 14ms, proxy.ts: 5ms, application-code: 90ms)
 GET /ja/champions/Norra 200 in 103ms (next.js: 14ms, proxy.ts: 5ms, application-code: 84ms)
 GET /en/calculator 200 in 109ms (next.js: 12ms, proxy.ts: 6ms, application-code: 90ms)
 GET /en/patches 200 in 86ms (next.js: 7ms, proxy.ts: 6ms, application-code: 73ms)
 GET /en 200 in 107ms (next.js: 14ms, proxy.ts: 5ms, application-code: 89ms)
 GET /en/champions 200 in 346ms (next.js: 18ms, proxy.ts: 7ms, application-code: 321ms)
 GET /en/champions/Norra 200 in 140ms (next.js: 16ms, proxy.ts: 5ms, application-code: 119ms)
 GET /ja/patches?q=Norra 200 in 114ms (next.js: 15ms, proxy.ts: 6ms, application-code: 93ms)
 GET /en/calculator 200 in 107ms (next.js: 14ms, proxy.ts: 5ms, application-code: 89ms)
 GET /en/champions 200 in 282ms (next.js: 13ms, proxy.ts: 5ms, application-code: 265ms)
 GET /ja/champions 200 in 272ms (next.js: 6ms, proxy.ts: 6ms, application-code: 260ms)
 GET /ja 200 in 119ms (next.js: 16ms, proxy.ts: 6ms, application-code: 97ms)
 GET /en 200 in 90ms (next.js: 7ms, proxy.ts: 5ms, application-code: 78ms)
 GET /ja/champions 200 in 256ms (next.js: 14ms, proxy.ts: 5ms, application-code: 237ms)
 GET /en/patches 200 in 94ms (next.js: 12ms, proxy.ts: 6ms, application-code: 76ms)
 GET /ja/calculator 200 in 102ms (next.js: 12ms, proxy.ts: 5ms, application-code: 85ms)
 GET /en/champions/Garen 200 in 119ms (next.js: 20ms, proxy.ts: 7ms, application-code: 91ms)
 GET /ja/champions/Garen 200 in 97ms (next.js: 6ms, proxy.ts: 5ms, application-code: 86ms)
 GET /ja 200 in 97ms (next.js: 12ms, proxy.ts: 5ms, application-code: 81ms)
